
> appschmiede_v2@0.1.0 build
> next build

   ▲ Next.js 15.5.6
   - Environments: .env.local

   Creating an optimized production build ...
Failed to compile.

./src/app/register/page.tsx
Error:   [31mx[0m Unterminated string constant
    ,-[[36;1;4m/workspaces/appschmiede_v2/src/app/register/page.tsx[0m:88:1]
 [2m85[0m |           </div>
 [2m86[0m | 
 [2m87[0m |           <button disabled={loading} type="submit" className="mt-2 w-full rounded-xl bg-indigo-600 px-4 py-3 font-semibold hover:bg-indigo-500 disabled:opacity-60">
 [2m88[0m |             {loading ? "Erstellen…" : "Konto erstellen
    : [35;1m                                      ^^^^^^^^^^^^^^^^[0m
    `----
  [31mx[0m Unexpected eof
    ,-[[36;1;4m/workspaces/appschmiede_v2/src/app/register/page.tsx[0m:88:56]
 [2m86[0m | 
 [2m87[0m |           <button disabled={loading} type="submit" className="mt-2 w-full rounded-xl bg-indigo-600 px-4 py-3 font-semibold hover:bg-indigo-500 disabled:opacity-60">
 [2m88[0m |             {loading ? "Erstellen…" : "Konto erstellen
    `----

Caused by:
    Syntax Error

Import trace for requested module:
./src/app/register/page.tsx


> Build failed because of webpack errors
